# JRE version: OpenJDK Runtime Environment (25.0.2) (build 25.0.2+-15348964-b329.117)
# Java VM: OpenJDK 64-Bit Server VM (25.0.2+-15348964-b329.117, mixed mode, tiered, compressed oops, compressed class ptrs, g1 gc, windows-amd64)
GC Precious Log:
 CardTable entry size: 512
 Card Set container configuration: InlinePtr #cards 5 size 8 Array Of Cards #cards 10 size 36 Howl #buckets 4 coarsen threshold 1843 Howl Bitmap #cards 512 size 80 coarsen threshold 460 Card regions per heap region 1 cards per card region 2048
 CPUs: 8 total, 8 available
 Memory: 7903M
 Large Page Support: Disabled
 NUMA Support: Disabled
 Compressed Oops: Enabled (32-bit)
 Heap Region Size: 1M
 Heap Min Capacity: 8M
 Heap Initial Capacity: 124M
 Heap Max Capacity: 2G
 Pre-touch: Disabled
 Parallel Workers: 8
 Concurrent Workers: 2
 Concurrent Refinement Workers: 8
 Periodic GC: Disabled
Heap:
 garbage-first heap   total reserved 2097152K, committed 133120K, used 88588K [0x0000000080000000, 0x0000000100000000)
  region size 1024K, 13 young (13312K), 4 survivors (4096K)
GC Heap Usage History (20 events):
Event: 13.013 {heap Before GC invocations=14 (full 0):
 garbage-first heap   total reserved 2097152K, committed 94208K, used 84752K [0x0000000080000000, 0x0000000100000000)
  region size 1024K, 31 young (31744K), 4 survivors (4096K)
}
Event: 13.018 {heap After GC invocations=15 (full 0):
 garbage-first heap   total reserved 2097152K, committed 94208K, used 59343K [0x0000000080000000, 0x0000000100000000)
  region size 1024K, 3 young (3072K), 3 survivors (3072K)
}
Event: 14.486 {heap Before GC invocations=16 (full 0):
 garbage-first heap   total reserved 2097152K, committed 101376K, used 83919K [0x0000000080000000, 0x0000000100000000)
  region size 1024K, 28 young (28672K), 3 survivors (3072K)
}
Event: 14.492 {heap After GC invocations=17 (full 0):
 garbage-first heap   total reserved 2097152K, committed 101376K, used 60563K [0x0000000080000000, 0x0000000100000000)
  region size 1024K, 4 young (4096K), 4 survivors (4096K)
}
Event: 15.517 {heap Before GC invocations=17 (full 0):
 garbage-first heap   total reserved 2097152K, committed 101376K, used 90259K [0x0000000080000000, 0x0000000100000000)
  region size 1024K, 34 young (34816K), 4 survivors (4096K)
}
Event: 15.524 {heap After GC invocations=18 (full 0):
 garbage-first heap   total reserved 2097152K, committed 103424K, used 65611K [0x0000000080000000, 0x0000000100000000)
  region size 1024K, 5 young (5120K), 5 survivors (5120K)
}
Event: 15.804 {heap Before GC invocations=18 (full 0):
 garbage-first heap   total reserved 2097152K, committed 103424K, used 92235K [0x0000000080000000, 0x0000000100000000)
  region size 1024K, 31 young (31744K), 5 survivors (5120K)
}
Event: 15.808 {heap After GC invocations=19 (full 0):
 garbage-first heap   total reserved 2097152K, committed 103424K, used 67174K [0x0000000080000000, 0x0000000100000000)
  region size 1024K, 2 young (2048K), 2 survivors (2048K)
}
Event: 17.726 {heap Before GC invocations=20 (full 0):
 garbage-first heap   total reserved 2097152K, committed 112640K, used 93798K [0x0000000080000000, 0x0000000100000000)
  region size 1024K, 28 young (28672K), 2 survivors (2048K)
}
Event: 17.729 {heap After GC invocations=21 (full 0):
 garbage-first heap   total reserved 2097152K, committed 112640K, used 69320K [0x0000000080000000, 0x0000000100000000)
  region size 1024K, 4 young (4096K), 4 survivors (4096K)
}
Event: 20.229 {heap Before GC invocations=21 (full 0):
 garbage-first heap   total reserved 2097152K, committed 112640K, used 101064K [0x0000000080000000, 0x0000000100000000)
  region size 1024K, 35 young (35840K), 4 survivors (4096K)
}
Event: 20.235 {heap After GC invocations=22 (full 0):
 garbage-first heap   total reserved 2097152K, committed 112640K, used 69615K [0x0000000080000000, 0x0000000100000000)
  region size 1024K, 4 young (4096K), 4 survivors (4096K)
}
Event: 21.698 {heap Before GC invocations=22 (full 0):
 garbage-first heap   total reserved 2097152K, committed 112640K, used 101359K [0x0000000080000000, 0x0000000100000000)
  region size 1024K, 35 young (35840K), 4 survivors (4096K)
}
Event: 21.704 {heap After GC invocations=23 (full 0):
 garbage-first heap   total reserved 2097152K, committed 112640K, used 71595K [0x0000000080000000, 0x0000000100000000)
  region size 1024K, 4 young (4096K), 4 survivors (4096K)
}
Event: 28.309 {heap Before GC invocations=24 (full 0):
 garbage-first heap   total reserved 2097152K, committed 121856K, used 103339K [0x0000000080000000, 0x0000000100000000)
  region size 1024K, 35 young (35840K), 4 survivors (4096K)
}
Event: 28.319 {heap After GC invocations=25 (full 0):
 garbage-first heap   total reserved 2097152K, committed 121856K, used 74401K [0x0000000080000000, 0x0000000100000000)
  region size 1024K, 5 young (5120K), 5 survivors (5120K)
}
Event: 31.281 {heap Before GC invocations=25 (full 0):
 garbage-first heap   total reserved 2097152K, committed 121856K, used 110241K [0x0000000080000000, 0x0000000100000000)
  region size 1024K, 41 young (41984K), 5 survivors (5120K)
}
Event: 31.291 {heap After GC invocations=26 (full 0):
 garbage-first heap   total reserved 2097152K, committed 121856K, used 77035K [0x0000000080000000, 0x0000000100000000)
  region size 1024K, 6 young (6144K), 6 survivors (6144K)
}
Event: 31.801 {heap Before GC invocations=26 (full 0):
 garbage-first heap   total reserved 2097152K, committed 121856K, used 109803K [0x0000000080000000, 0x0000000100000000)
  region size 1024K, 39 young (39936K), 6 survivors (6144K)
}
Event: 31.809 {heap After GC invocations=27 (full 0):
 garbage-first heap   total reserved 2097152K, committed 121856K, used 79413K [0x0000000080000000, 0x0000000100000000)
  region size 1024K, 3 young (3072K), 3 survivors (3072K)
}

